backup table dwgd.g_00pl_merch_term_info start!
destination diretory is :/bak/20140224_backup
tar czf /bak/20140224_backup/dwgd/metadata/g_00pl_merch_term_info_n7_meta.tgz /opt/gnode/userdata/gbase/dwgd/metadata/g_00pl_merch_term_info_n7.* 
tar: 从成员名中删除开头的“/”
tar czf /bak/20140224_backup/dwgd/sys_tablespace/g_00pl_merch_term_info_n7_data.tgz /opt/gnode/userdata/gbase/dwgd/sys_tablespace/g_00pl_merch_term_info_n7 
tar: 从成员名中删除开头的“/”
tar czf /bak/20140224_backup/dwgd/metadata/g_00pl_merch_term_info_n8_meta.tgz /opt/gnode/userdata/gbase/dwgd/metadata/g_00pl_merch_term_info_n8.* 
tar: 从成员名中删除开头的“/”
tar czf /bak/20140224_backup/dwgd/sys_tablespace/g_00pl_merch_term_info_n8_data.tgz /opt/gnode/userdata/gbase/dwgd/sys_tablespace/g_00pl_merch_term_info_n8 
tar: 从成员名中删除开头的“/”
backup table dwgd.g_00pl_merch_term_info end!
backup table dwgd.g_00pl_bill_tran_m start!
destination diretory is :/bak/20140224_backup
tar czf /bak/20140224_backup/dwgd/metadata/g_00pl_bill_tran_m_n7_meta.tgz /opt/gnode/userdata/gbase/dwgd/metadata/g_00pl_bill_tran_m_n7.* 
tar: 从成员名中删除开头的“/”
tar czf /bak/20140224_backup/dwgd/sys_tablespace/g_00pl_bill_tran_m_n7_data.tgz /opt/gnode/userdata/gbase/dwgd/sys_tablespace/g_00pl_bill_tran_m_n7 
tar: 从成员名中删除开头的“/”
tar czf /bak/20140224_backup/dwgd/metadata/g_00pl_bill_tran_m_n8_meta.tgz /opt/gnode/userdata/gbase/dwgd/metadata/g_00pl_bill_tran_m_n8.* 
tar: 从成员名中删除开头的“/”
tar czf /bak/20140224_backup/dwgd/sys_tablespace/g_00pl_bill_tran_m_n8_data.tgz /opt/gnode/userdata/gbase/dwgd/sys_tablespace/g_00pl_bill_tran_m_n8 
tar: 从成员名中删除开头的“/”
backup table dwgd.g_00pl_bill_tran_m end!
backup table dwgd.g_00pl_sploan_card start!
destination diretory is :/bak/20140224_backup
tar czf /bak/20140224_backup/dwgd/metadata/g_00pl_sploan_card_n7_meta.tgz /opt/gnode/userdata/gbase/dwgd/metadata/g_00pl_sploan_card_n7.* 
tar: 从成员名中删除开头的“/”
tar czf /bak/20140224_backup/dwgd/sys_tablespace/g_00pl_sploan_card_n7_data.tgz /opt/gnode/userdata/gbase/dwgd/sys_tablespace/g_00pl_sploan_card_n7 
tar: 从成员名中删除开头的“/”
tar czf /bak/20140224_backup/dwgd/metadata/g_00pl_sploan_card_n8_meta.tgz /opt/gnode/userdata/gbase/dwgd/metadata/g_00pl_sploan_card_n8.* 
tar: 从成员名中删除开头的“/”
tar czf /bak/20140224_backup/dwgd/sys_tablespace/g_00pl_sploan_card_n8_data.tgz /opt/gnode/userdata/gbase/dwgd/sys_tablespace/g_00pl_sploan_card_n8 
tar: 从成员名中删除开头的“/”
backup table dwgd.g_00pl_sploan_card end!
backup table dwgd.g_00pl_sploan_cust_month start!
destination diretory is :/bak/20140224_backup
tar czf /bak/20140224_backup/dwgd/metadata/g_00pl_sploan_cust_month_n7_meta.tgz /opt/gnode/userdata/gbase/dwgd/metadata/g_00pl_sploan_cust_month_n7.* 
tar: 从成员名中删除开头的“/”
tar czf /bak/20140224_backup/dwgd/sys_tablespace/g_00pl_sploan_cust_month_n7_data.tgz /opt/gnode/userdata/gbase/dwgd/sys_tablespace/g_00pl_sploan_cust_month_n7 
tar: 从成员名中删除开头的“/”
tar czf /bak/20140224_backup/dwgd/metadata/g_00pl_sploan_cust_month_n8_meta.tgz /opt/gnode/userdata/gbase/dwgd/metadata/g_00pl_sploan_cust_month_n8.* 
tar: 从成员名中删除开头的“/”
tar czf /bak/20140224_backup/dwgd/sys_tablespace/g_00pl_sploan_cust_month_n8_data.tgz /opt/gnode/userdata/gbase/dwgd/sys_tablespace/g_00pl_sploan_cust_month_n8 
tar: 从成员名中删除开头的“/”
backup table dwgd.g_00pl_sploan_cust_month end!
backup table dwgd.g_00pl_merch start!
destination diretory is :/bak/20140224_backup
tar czf /bak/20140224_backup/dwgd/metadata/g_00pl_merch_n7_meta.tgz /opt/gnode/userdata/gbase/dwgd/metadata/g_00pl_merch_n7.* 
tar: 从成员名中删除开头的“/”
tar czf /bak/20140224_backup/dwgd/sys_tablespace/g_00pl_merch_n7_data.tgz /opt/gnode/userdata/gbase/dwgd/sys_tablespace/g_00pl_merch_n7 
tar: 从成员名中删除开头的“/”
tar czf /bak/20140224_backup/dwgd/metadata/g_00pl_merch_n8_meta.tgz /opt/gnode/userdata/gbase/dwgd/metadata/g_00pl_merch_n8.* 
tar: 从成员名中删除开头的“/”
tar czf /bak/20140224_backup/dwgd/sys_tablespace/g_00pl_merch_n8_data.tgz /opt/gnode/userdata/gbase/dwgd/sys_tablespace/g_00pl_merch_n8 
tar: 从成员名中删除开头的“/”
backup table dwgd.g_00pl_merch end!
backup table dwgd.g_00pl_sploan_acct_month start!
destination diretory is :/bak/20140224_backup
tar czf /bak/20140224_backup/dwgd/metadata/g_00pl_sploan_acct_month_n7_meta.tgz /opt/gnode/userdata/gbase/dwgd/metadata/g_00pl_sploan_acct_month_n7.* 
tar: 从成员名中删除开头的“/”
tar czf /bak/20140224_backup/dwgd/sys_tablespace/g_00pl_sploan_acct_month_n7_data.tgz /opt/gnode/userdata/gbase/dwgd/sys_tablespace/g_00pl_sploan_acct_month_n7 
tar: 从成员名中删除开头的“/”
tar czf /bak/20140224_backup/dwgd/metadata/g_00pl_sploan_acct_month_n8_meta.tgz /opt/gnode/userdata/gbase/dwgd/metadata/g_00pl_sploan_acct_month_n8.* 
tar: 从成员名中删除开头的“/”
tar czf /bak/20140224_backup/dwgd/sys_tablespace/g_00pl_sploan_acct_month_n8_data.tgz /opt/gnode/userdata/gbase/dwgd/sys_tablespace/g_00pl_sploan_acct_month_n8 
tar: 从成员名中删除开头的“/”
backup table dwgd.g_00pl_sploan_acct_month end!
backup table dwgd.g_00pl_sploan_conschan start!
destination diretory is :/bak/20140224_backup
tar czf /bak/20140224_backup/dwgd/metadata/g_00pl_sploan_conschan_n7_meta.tgz /opt/gnode/userdata/gbase/dwgd/metadata/g_00pl_sploan_conschan_n7.* 
tar: 从成员名中删除开头的“/”
tar czf /bak/20140224_backup/dwgd/sys_tablespace/g_00pl_sploan_conschan_n7_data.tgz /opt/gnode/userdata/gbase/dwgd/sys_tablespace/g_00pl_sploan_conschan_n7 
tar: 从成员名中删除开头的“/”
tar czf /bak/20140224_backup/dwgd/metadata/g_00pl_sploan_conschan_n8_meta.tgz /opt/gnode/userdata/gbase/dwgd/metadata/g_00pl_sploan_conschan_n8.* 
tar: 从成员名中删除开头的“/”
tar czf /bak/20140224_backup/dwgd/sys_tablespace/g_00pl_sploan_conschan_n8_data.tgz /opt/gnode/userdata/gbase/dwgd/sys_tablespace/g_00pl_sploan_conschan_n8 
tar: 从成员名中删除开头的“/”
backup table dwgd.g_00pl_sploan_conschan end!
backup table dwgd.g_00pl_sploan_cust start!
destination diretory is :/bak/20140224_backup
tar czf /bak/20140224_backup/dwgd/metadata/g_00pl_sploan_cust_n7_meta.tgz /opt/gnode/userdata/gbase/dwgd/metadata/g_00pl_sploan_cust_n7.* 
tar: 从成员名中删除开头的“/”
tar czf /bak/20140224_backup/dwgd/sys_tablespace/g_00pl_sploan_cust_n7_data.tgz /opt/gnode/userdata/gbase/dwgd/sys_tablespace/g_00pl_sploan_cust_n7 
tar: 从成员名中删除开头的“/”
tar czf /bak/20140224_backup/dwgd/metadata/g_00pl_sploan_cust_n8_meta.tgz /opt/gnode/userdata/gbase/dwgd/metadata/g_00pl_sploan_cust_n8.* 
tar: 从成员名中删除开头的“/”
tar czf /bak/20140224_backup/dwgd/sys_tablespace/g_00pl_sploan_cust_n8_data.tgz /opt/gnode/userdata/gbase/dwgd/sys_tablespace/g_00pl_sploan_cust_n8 
tar: 从成员名中删除开头的“/”
backup table dwgd.g_00pl_sploan_cust end!
backup table dwgd.g_00pl_sploan_acct start!
destination diretory is :/bak/20140224_backup
tar czf /bak/20140224_backup/dwgd/metadata/g_00pl_sploan_acct_n7_meta.tgz /opt/gnode/userdata/gbase/dwgd/metadata/g_00pl_sploan_acct_n7.* 
tar: 从成员名中删除开头的“/”
tar czf /bak/20140224_backup/dwgd/sys_tablespace/g_00pl_sploan_acct_n7_data.tgz /opt/gnode/userdata/gbase/dwgd/sys_tablespace/g_00pl_sploan_acct_n7 
tar: 从成员名中删除开头的“/”
tar czf /bak/20140224_backup/dwgd/metadata/g_00pl_sploan_acct_n8_meta.tgz /opt/gnode/userdata/gbase/dwgd/metadata/g_00pl_sploan_acct_n8.* 
tar: 从成员名中删除开头的“/”
tar czf /bak/20140224_backup/dwgd/sys_tablespace/g_00pl_sploan_acct_n8_data.tgz /opt/gnode/userdata/gbase/dwgd/sys_tablespace/g_00pl_sploan_acct_n8 
tar: 从成员名中删除开头的“/”
backup table dwgd.g_00pl_sploan_acct end!
backup table dwgd.g_00pl_sploan_detail start!
destination diretory is :/bak/20140224_backup
tar czf /bak/20140224_backup/dwgd/metadata/g_00pl_sploan_detail_n7_meta.tgz /opt/gnode/userdata/gbase/dwgd/metadata/g_00pl_sploan_detail_n7.* 
tar: 从成员名中删除开头的“/”
tar czf /bak/20140224_backup/dwgd/sys_tablespace/g_00pl_sploan_detail_n7_data.tgz /opt/gnode/userdata/gbase/dwgd/sys_tablespace/g_00pl_sploan_detail_n7 
tar: 从成员名中删除开头的“/”
tar czf /bak/20140224_backup/dwgd/metadata/g_00pl_sploan_detail_n8_meta.tgz /opt/gnode/userdata/gbase/dwgd/metadata/g_00pl_sploan_detail_n8.* 
tar: 从成员名中删除开头的“/”
tar czf /bak/20140224_backup/dwgd/sys_tablespace/g_00pl_sploan_detail_n8_data.tgz /opt/gnode/userdata/gbase/dwgd/sys_tablespace/g_00pl_sploan_detail_n8 
tar: 从成员名中删除开头的“/”
backup table dwgd.g_00pl_sploan_detail end!
backup table dwgd.g_00pl_sploan_base start!
destination diretory is :/bak/20140224_backup
tar czf /bak/20140224_backup/dwgd/metadata/g_00pl_sploan_base_n7_meta.tgz /opt/gnode/userdata/gbase/dwgd/metadata/g_00pl_sploan_base_n7.* 
tar: 从成员名中删除开头的“/”
tar czf /bak/20140224_backup/dwgd/sys_tablespace/g_00pl_sploan_base_n7_data.tgz /opt/gnode/userdata/gbase/dwgd/sys_tablespace/g_00pl_sploan_base_n7 
tar: 从成员名中删除开头的“/”
tar czf /bak/20140224_backup/dwgd/metadata/g_00pl_sploan_base_n8_meta.tgz /opt/gnode/userdata/gbase/dwgd/metadata/g_00pl_sploan_base_n8.* 
tar: 从成员名中删除开头的“/”
tar czf /bak/20140224_backup/dwgd/sys_tablespace/g_00pl_sploan_base_n8_data.tgz /opt/gnode/userdata/gbase/dwgd/sys_tablespace/g_00pl_sploan_base_n8 
tar: 从成员名中删除开头的“/”
backup table dwgd.g_00pl_sploan_base end!
backup table dwgd.g_00pl_cust_crlim start!
destination diretory is :/bak/20140224_backup
tar czf /bak/20140224_backup/dwgd/metadata/g_00pl_cust_crlim_n7_meta.tgz /opt/gnode/userdata/gbase/dwgd/metadata/g_00pl_cust_crlim_n7.* 
tar: 从成员名中删除开头的“/”
tar czf /bak/20140224_backup/dwgd/sys_tablespace/g_00pl_cust_crlim_n7_data.tgz /opt/gnode/userdata/gbase/dwgd/sys_tablespace/g_00pl_cust_crlim_n7 
tar: 从成员名中删除开头的“/”
tar czf /bak/20140224_backup/dwgd/metadata/g_00pl_cust_crlim_n8_meta.tgz /opt/gnode/userdata/gbase/dwgd/metadata/g_00pl_cust_crlim_n8.* 
tar: 从成员名中删除开头的“/”
tar czf /bak/20140224_backup/dwgd/sys_tablespace/g_00pl_cust_crlim_n8_data.tgz /opt/gnode/userdata/gbase/dwgd/sys_tablespace/g_00pl_cust_crlim_n8 
tar: 从成员名中删除开头的“/”
backup table dwgd.g_00pl_cust_crlim end!
backup table dwgd.g_00pl_acct_income_day start!
destination diretory is :/bak/20140224_backup
tar czf /bak/20140224_backup/dwgd/metadata/g_00pl_acct_income_day_n7_meta.tgz /opt/gnode/userdata/gbase/dwgd/metadata/g_00pl_acct_income_day_n7.* 
tar: 从成员名中删除开头的“/”
tar czf /bak/20140224_backup/dwgd/sys_tablespace/g_00pl_acct_income_day_n7_data.tgz /opt/gnode/userdata/gbase/dwgd/sys_tablespace/g_00pl_acct_income_day_n7 
tar: 从成员名中删除开头的“/”
tar czf /bak/20140224_backup/dwgd/metadata/g_00pl_acct_income_day_n8_meta.tgz /opt/gnode/userdata/gbase/dwgd/metadata/g_00pl_acct_income_day_n8.* 
tar: 从成员名中删除开头的“/”
tar czf /bak/20140224_backup/dwgd/sys_tablespace/g_00pl_acct_income_day_n8_data.tgz /opt/gnode/userdata/gbase/dwgd/sys_tablespace/g_00pl_acct_income_day_n8 
tar: 从成员名中删除开头的“/”
backup table dwgd.g_00pl_acct_income_day end!
backup table dwgd.g_00pl_acct_income start!
destination diretory is :/bak/20140224_backup
tar czf /bak/20140224_backup/dwgd/metadata/g_00pl_acct_income_n7_meta.tgz /opt/gnode/userdata/gbase/dwgd/metadata/g_00pl_acct_income_n7.* 
tar: 从成员名中删除开头的“/”
tar czf /bak/20140224_backup/dwgd/sys_tablespace/g_00pl_acct_income_n7_data.tgz /opt/gnode/userdata/gbase/dwgd/sys_tablespace/g_00pl_acct_income_n7 
tar: 从成员名中删除开头的“/”
tar czf /bak/20140224_backup/dwgd/metadata/g_00pl_acct_income_n8_meta.tgz /opt/gnode/userdata/gbase/dwgd/metadata/g_00pl_acct_income_n8.* 
tar: 从成员名中删除开头的“/”
tar czf /bak/20140224_backup/dwgd/sys_tablespace/g_00pl_acct_income_n8_data.tgz /opt/gnode/userdata/gbase/dwgd/sys_tablespace/g_00pl_acct_income_n8 
tar: 从成员名中删除开头的“/”
backup table dwgd.g_00pl_acct_income end!
backup table dwgd.g_00pl_bill_tran_d start!
destination diretory is :/bak/20140224_backup
tar czf /bak/20140224_backup/dwgd/metadata/g_00pl_bill_tran_d_n7_meta.tgz /opt/gnode/userdata/gbase/dwgd/metadata/g_00pl_bill_tran_d_n7.* 
tar: 从成员名中删除开头的“/”
tar czf /bak/20140224_backup/dwgd/sys_tablespace/g_00pl_bill_tran_d_n7_data.tgz /opt/gnode/userdata/gbase/dwgd/sys_tablespace/g_00pl_bill_tran_d_n7 
tar: 从成员名中删除开头的“/”
tar czf /bak/20140224_backup/dwgd/metadata/g_00pl_bill_tran_d_n8_meta.tgz /opt/gnode/userdata/gbase/dwgd/metadata/g_00pl_bill_tran_d_n8.* 
tar: 从成员名中删除开头的“/”
tar czf /bak/20140224_backup/dwgd/sys_tablespace/g_00pl_bill_tran_d_n8_data.tgz /opt/gnode/userdata/gbase/dwgd/sys_tablespace/g_00pl_bill_tran_d_n8 
tar: 从成员名中删除开头的“/”
backup table dwgd.g_00pl_bill_tran_d end!
backup table dwgd.g_00pl_cust_risk start!
destination diretory is :/bak/20140224_backup
tar czf /bak/20140224_backup/dwgd/metadata/g_00pl_cust_risk_n7_meta.tgz /opt/gnode/userdata/gbase/dwgd/metadata/g_00pl_cust_risk_n7.* 
tar: 从成员名中删除开头的“/”
tar czf /bak/20140224_backup/dwgd/sys_tablespace/g_00pl_cust_risk_n7_data.tgz /opt/gnode/userdata/gbase/dwgd/sys_tablespace/g_00pl_cust_risk_n7 
tar: 从成员名中删除开头的“/”
tar czf /bak/20140224_backup/dwgd/metadata/g_00pl_cust_risk_n8_meta.tgz /opt/gnode/userdata/gbase/dwgd/metadata/g_00pl_cust_risk_n8.* 
tar: 从成员名中删除开头的“/”
tar czf /bak/20140224_backup/dwgd/sys_tablespace/g_00pl_cust_risk_n8_data.tgz /opt/gnode/userdata/gbase/dwgd/sys_tablespace/g_00pl_cust_risk_n8 
tar: 从成员名中删除开头的“/”
backup table dwgd.g_00pl_cust_risk end!
backup table dwgd.g_00pl_acct_card_d start!
destination diretory is :/bak/20140224_backup
tar czf /bak/20140224_backup/dwgd/metadata/g_00pl_acct_card_d_n7_meta.tgz /opt/gnode/userdata/gbase/dwgd/metadata/g_00pl_acct_card_d_n7.* 
tar: 从成员名中删除开头的“/”
tar czf /bak/20140224_backup/dwgd/sys_tablespace/g_00pl_acct_card_d_n7_data.tgz /opt/gnode/userdata/gbase/dwgd/sys_tablespace/g_00pl_acct_card_d_n7 
tar: 从成员名中删除开头的“/”
tar czf /bak/20140224_backup/dwgd/metadata/g_00pl_acct_card_d_n8_meta.tgz /opt/gnode/userdata/gbase/dwgd/metadata/g_00pl_acct_card_d_n8.* 
tar: 从成员名中删除开头的“/”
tar czf /bak/20140224_backup/dwgd/sys_tablespace/g_00pl_acct_card_d_n8_data.tgz /opt/gnode/userdata/gbase/dwgd/sys_tablespace/g_00pl_acct_card_d_n8 
tar: 从成员名中删除开头的“/”
backup table dwgd.g_00pl_acct_card_d end!
backup table dwgd.g_00pl_acct_stat_d start!
destination diretory is :/bak/20140224_backup
tar czf /bak/20140224_backup/dwgd/metadata/g_00pl_acct_stat_d_n7_meta.tgz /opt/gnode/userdata/gbase/dwgd/metadata/g_00pl_acct_stat_d_n7.* 
tar: 从成员名中删除开头的“/”
tar czf /bak/20140224_backup/dwgd/sys_tablespace/g_00pl_acct_stat_d_n7_data.tgz /opt/gnode/userdata/gbase/dwgd/sys_tablespace/g_00pl_acct_stat_d_n7 
tar: 从成员名中删除开头的“/”
tar czf /bak/20140224_backup/dwgd/metadata/g_00pl_acct_stat_d_n8_meta.tgz /opt/gnode/userdata/gbase/dwgd/metadata/g_00pl_acct_stat_d_n8.* 
tar: 从成员名中删除开头的“/”
tar czf /bak/20140224_backup/dwgd/sys_tablespace/g_00pl_acct_stat_d_n8_data.tgz /opt/gnode/userdata/gbase/dwgd/sys_tablespace/g_00pl_acct_stat_d_n8 
tar: 从成员名中删除开头的“/”
backup table dwgd.g_00pl_acct_stat_d end!
backup table dwgd.g_00pl_acct_card_m start!
destination diretory is :/bak/20140224_backup
tar czf /bak/20140224_backup/dwgd/metadata/g_00pl_acct_card_m_n7_meta.tgz /opt/gnode/userdata/gbase/dwgd/metadata/g_00pl_acct_card_m_n7.* 
tar: 从成员名中删除开头的“/”
tar czf /bak/20140224_backup/dwgd/sys_tablespace/g_00pl_acct_card_m_n7_data.tgz /opt/gnode/userdata/gbase/dwgd/sys_tablespace/g_00pl_acct_card_m_n7 
tar: 从成员名中删除开头的“/”
tar czf /bak/20140224_backup/dwgd/metadata/g_00pl_acct_card_m_n8_meta.tgz /opt/gnode/userdata/gbase/dwgd/metadata/g_00pl_acct_card_m_n8.* 
tar: 从成员名中删除开头的“/”
tar czf /bak/20140224_backup/dwgd/sys_tablespace/g_00pl_acct_card_m_n8_data.tgz /opt/gnode/userdata/gbase/dwgd/sys_tablespace/g_00pl_acct_card_m_n8 
tar: 从成员名中删除开头的“/”
backup table dwgd.g_00pl_acct_card_m end!
backup table dwgd.g_00pl_apply start!
destination diretory is :/bak/20140224_backup
tar czf /bak/20140224_backup/dwgd/metadata/g_00pl_apply_n7_meta.tgz /opt/gnode/userdata/gbase/dwgd/metadata/g_00pl_apply_n7.* 
tar: 从成员名中删除开头的“/”
tar czf /bak/20140224_backup/dwgd/sys_tablespace/g_00pl_apply_n7_data.tgz /opt/gnode/userdata/gbase/dwgd/sys_tablespace/g_00pl_apply_n7 
tar: 从成员名中删除开头的“/”
tar czf /bak/20140224_backup/dwgd/metadata/g_00pl_apply_n8_meta.tgz /opt/gnode/userdata/gbase/dwgd/metadata/g_00pl_apply_n8.* 
tar: 从成员名中删除开头的“/”
tar czf /bak/20140224_backup/dwgd/sys_tablespace/g_00pl_apply_n8_data.tgz /opt/gnode/userdata/gbase/dwgd/sys_tablespace/g_00pl_apply_n8 
tar: 从成员名中删除开头的“/”
backup table dwgd.g_00pl_apply end!
